


ARM Macro Assembler    Page 1 


    1 00000000         ;#define GPIO_PORTF_DATA_R       (*((volatile unsigned l
                       ong *)0x400253FC))
    2 00000000         ;#define GPIO_PORTF_DIR_R        (*((volatile unsigned l
                       ong *)0x40025400))
    3 00000000         ;#define GPIO_PORTF_AFSEL_R      (*((volatile unsigned l
                       ong *)0x40025420))
    4 00000000         ;#define GPIO_PORTF_PUR_R        (*((volatile unsigned l
                       ong *)0x40025510))
    5 00000000         ;#define GPIO_PORTF_DEN_R        (*((volatile unsigned l
                       ong *)0x4002551C))
    6 00000000         ;#define GPIO_PORTF_LOCK_R       (*((volatile unsigned l
                       ong *)0x40025520))
    7 00000000         ;#define GPIO_PORTF_CR_R         (*((volatile unsigned l
                       ong *)0x40025524))
    8 00000000         ;#define GPIO_PORTF_AMSEL_R      (*((volatile unsigned l
                       ong *)0x40025528))
    9 00000000         ;#define GPIO_PORTF_PCTL_R       (*((volatile unsigned l
                       ong *)0x4002552C))
   10 00000000         ;#define GPIO_PORTF_DR2R_R       (*((volatile unsigned l
                       ong *)0x40025500))
   11 00000000         ;#define GPIO_PORTF_DR4R_R       (*((volatile unsigned l
                       ong *)0x40025504))
   12 00000000         ;#define GPIO_PORTF_DR8R_R       (*((volatile unsigned l
                       ong *)0x40025508))
   13 00000000         ;#define GPIO_LOCK_KEY           0x4C4F434B  // Unlocks 
                       the GPIO_CR register
   14 00000000         ;#define SYSCTL_RCGC2_R          (*((volatile unsigned l
                       ong *)0x400FE108))
   15 00000000         
   16 00000000 400FE608 
                       SYSCTL_RCGCGPIO_R
                               EQU              0X400FE608
   17 00000000 40025400 
                       GPIO_PORTF_DIR_R
                               EQU              0X40025400
   18 00000000 4002551C 
                       GPIO_PORTF_DEN_R
                               EQU              0X4002551C
   19 00000000 400253FC 
                       GPIO_PORTF_DATA_R
                               EQU              0X400253FC
   20 00000000 40025510 
                       GPIO_PORTF_PUR_R
                               EQU              0x40025510
   21 00000000 40025520 
                       GPIO_PORTF_LOCK_R
                               EQU              0x40025520
   22 00000000 40025524 
                       GPIO_PORTF_CR_R
                               EQU              0x40025524
   23 00000000         ;GPIO_PORTF_AMSEL_R  EQU
   24 00000000         ;GPIO_PORTF_AFSEL_R  EQU
   25 00000000         ;GPIO_PORTF_PCTL_R  EQU
   26 00000000         
   27 00000000 4C4F434B 
                       GPIO_LOCK_KEY
                               EQU              0x4C4F434B
   28 00000000 00A2C2AA 
                       SEC_DIV_FIVE



ARM Macro Assembler    Page 2 


                               EQU              10666666    ;
   29 00000000         
   30 00000000         
   31 00000000         
   32 00000000                 AREA             |.text|,CODE,READONLY,ALIGN=2
   33 00000000                 THUMB
   34 00000000                 EXPORT           MAIN
   35 00000000         
   36 00000000         MAIN
   37 00000000 F000 F80B       BL               GPIOF_Init
   38 00000004         
   39 00000004         LOOP
   40 00000004 4818            LDR              R0, =SEC_DIV_FIVE
   41 00000006 F000 F82B       BL               DELAY
   42 0000000A         
   43 0000000A 4918            LDR              R1, =GPIO_PORTF_DATA_R
   44 0000000C 6808            LDR              R0, [R1]
   45 0000000E F000 0011       AND              R0, R0, #0x11
   46 00000012 2801            CMP              R0, 0x01
   47 00000014 D01F            BEQ              LIGHT_OFF
   48 00000016 D119            BNE              LIGHT_ON
   49 00000018 E7F4            B                LOOP
   50 0000001A         
   51 0000001A         GPIOF_Init                           ; ACTIVATING THE GP
                                                            IOF CLOCK THROUGH R
                                                            CGCGPIO REGISTER IN
                                                            STEAD OF LEGACY RCG
                                                            C2 REGISTER
   52 0000001A 4915            LDR              R1, =SYSCTL_RCGCGPIO_R ; R1 POI
                                                            NTING TO THE SYSTEM
                                                             CONTROL REGISTER R
                                                            CGC
   53 0000001C 6808            LDR              R0, [R1]    ; INDEXED ADDRESSIN
                                                            G TO LOAD THE RESET
                                                             VALUE OF RCGCGPIO 
                                                            INTO R0
   54 0000001E F040 0020       ORR              R0, R0, #0x20
   55 00000022 6008            STR              R0, [R1]
   56 00000024         
   57 00000024 4913            LDR              R1, =GPIO_PORTF_LOCK_R ; CONFIG
                                                            URING PORTF LOCK RE
                                                            GISTER
   58 00000026 4814            LDR              R0, =GPIO_LOCK_KEY
   59 00000028 6008            STR              R0, [R1]
   60 0000002A         
   61 0000002A 4914            LDR              R1, =GPIO_PORTF_CR_R ; CONFIGUR
                                                            ING PORTF LOCK 
   62 0000002C F04F 00FF       MOV              R0, #0xFF
   63 00000030 6008            STR              R0, [R1]
   64 00000032         
   65 00000032 4913            LDR              R1, =GPIO_PORTF_DIR_R ; CONFIGU
                                                            RING PORTF DIRECTIO
                                                            N REGISTER
   66 00000034 F04F 0002       MOV              R0, #0x02
   67 00000038 6008            STR              R0, [R1]
   68 0000003A         
   69 0000003A 4912            LDR              R1, =GPIO_PORTF_PUR_R ; CONFIGU
                                                            RING PORTF PUR REGI
                                                            STER



ARM Macro Assembler    Page 3 


   70 0000003C F04F 0011       MOV              R0, #0x11
   71 00000040 6008            STR              R0, [R1]
   72 00000042         
   73 00000042 4911            LDR              R1, =GPIO_PORTF_DEN_R ; CONFIGU
                                                            RING DIGITAL ENABLE
                                                             REGISTER
   74 00000044 F04F 0013       MOV              R0, #0x13
   75 00000048 6008            STR              R0, [R1]
   76 0000004A         
   77 0000004A         ; SUBROUTINE COMPLETES
   78 0000004A 4770            BX               LR
   79 0000004C         
   80 0000004C         LIGHT_ON
   81 0000004C 4907            LDR              R1, =GPIO_PORTF_DATA_R
   82 0000004E F04F 0002       MOV              R0, #0x02
   83 00000052 6008            STR              R0, [R1]
   84 00000054 4770            BX               LR
   85 00000056         
   86 00000056         LIGHT_OFF
   87 00000056 4905            LDR              R1, =GPIO_PORTF_DATA_R
   88 00000058 F04F 0000       MOV              R0, #0x00
   89 0000005C 6008            STR              R0, [R1]
   90 0000005E 4770            BX               LR
   91 00000060         
   92 00000060         DELAY
   93 00000060 1E40            SUBS             R0, R0, #0X01
   94 00000062 D1FD            BNE              DELAY
   95 00000064 4770            BX               LR
   96 00000066         
   97 00000066 00 00           ALIGN
   98 00000068                 END
              00A2C2AA 
              400253FC 
              400FE608 
              40025520 
              4C4F434B 
              40025524 
              40025400 
              40025510 
              4002551C 
Command Line: --debug --xref --diag_suppress=9931 --cpu=Cortex-M4.fp --apcs=int
erwork --depend=.\objects\main.d -o.\objects\main.o -I.\RTE\_TM4C123 -I"C:\User
s\Hassan Shafiq\AppData\Local\Arm\Packs\ARM\CMSIS\5.7.0\CMSIS\Core\Include" -I"
C:\Users\Hassan Shafiq\AppData\Local\Arm\Packs\Keil\TM4C_DFP\1.1.0\Device\Inclu
de\TM4C123" --predefine="__EVAL SETA 1" --predefine="__UVISION_VERSION SETA 528
" --predefine="_RTE_ SETA 1" --predefine="TM4C123GH6PM SETA 1" --list=.\listing
s\main.lst main.s



ARM Macro Assembler    Page 1 Alphabetic symbol ordering
Relocatable symbols

.text 00000000

Symbol: .text
   Definitions
      At line 32 in file main.s
   Uses
      None
Comment: .text unused
DELAY 00000060

Symbol: DELAY
   Definitions
      At line 92 in file main.s
   Uses
      At line 41 in file main.s
      At line 94 in file main.s

GPIOF_Init 0000001A

Symbol: GPIOF_Init
   Definitions
      At line 51 in file main.s
   Uses
      At line 37 in file main.s
Comment: GPIOF_Init used once
LIGHT_OFF 00000056

Symbol: LIGHT_OFF
   Definitions
      At line 86 in file main.s
   Uses
      At line 47 in file main.s
Comment: LIGHT_OFF used once
LIGHT_ON 0000004C

Symbol: LIGHT_ON
   Definitions
      At line 80 in file main.s
   Uses
      At line 48 in file main.s
Comment: LIGHT_ON used once
LOOP 00000004

Symbol: LOOP
   Definitions
      At line 39 in file main.s
   Uses
      At line 49 in file main.s
Comment: LOOP used once
MAIN 00000000

Symbol: MAIN
   Definitions
      At line 36 in file main.s
   Uses
      At line 34 in file main.s
Comment: MAIN used once
7 symbols



ARM Macro Assembler    Page 1 Alphabetic symbol ordering
Absolute symbols

GPIO_LOCK_KEY 4C4F434B

Symbol: GPIO_LOCK_KEY
   Definitions
      At line 27 in file main.s
   Uses
      At line 58 in file main.s
Comment: GPIO_LOCK_KEY used once
GPIO_PORTF_CR_R 40025524

Symbol: GPIO_PORTF_CR_R
   Definitions
      At line 22 in file main.s
   Uses
      At line 61 in file main.s
Comment: GPIO_PORTF_CR_R used once
GPIO_PORTF_DATA_R 400253FC

Symbol: GPIO_PORTF_DATA_R
   Definitions
      At line 19 in file main.s
   Uses
      At line 43 in file main.s
      At line 81 in file main.s
      At line 87 in file main.s

GPIO_PORTF_DEN_R 4002551C

Symbol: GPIO_PORTF_DEN_R
   Definitions
      At line 18 in file main.s
   Uses
      At line 73 in file main.s
Comment: GPIO_PORTF_DEN_R used once
GPIO_PORTF_DIR_R 40025400

Symbol: GPIO_PORTF_DIR_R
   Definitions
      At line 17 in file main.s
   Uses
      At line 65 in file main.s
Comment: GPIO_PORTF_DIR_R used once
GPIO_PORTF_LOCK_R 40025520

Symbol: GPIO_PORTF_LOCK_R
   Definitions
      At line 21 in file main.s
   Uses
      At line 57 in file main.s
Comment: GPIO_PORTF_LOCK_R used once
GPIO_PORTF_PUR_R 40025510

Symbol: GPIO_PORTF_PUR_R
   Definitions
      At line 20 in file main.s
   Uses
      At line 69 in file main.s
Comment: GPIO_PORTF_PUR_R used once
SEC_DIV_FIVE 00A2C2AA



ARM Macro Assembler    Page 2 Alphabetic symbol ordering
Absolute symbols


Symbol: SEC_DIV_FIVE
   Definitions
      At line 28 in file main.s
   Uses
      At line 40 in file main.s
Comment: SEC_DIV_FIVE used once
SYSCTL_RCGCGPIO_R 400FE608

Symbol: SYSCTL_RCGCGPIO_R
   Definitions
      At line 16 in file main.s
   Uses
      At line 52 in file main.s
Comment: SYSCTL_RCGCGPIO_R used once
9 symbols
353 symbols in table
