


ARM Macro Assembler    Page 1 


    1 00000000                 AREA             |.text|,CODE,READONLY,ALIGN=2
    2 00000000                 THUMB
    3 00000000                 PRESERVE8
    4 00000000                 EXTERN           currentPt
    5 00000000                 EXPORT           PendSV_Handler
    6 00000000                 EXPORT           osSchedularLaunch
    7 00000000                 IMPORT           osSchedularRoundRobin
    8 00000000         
    9 00000000         ; changing SysTick_Handler to PendSV_Handler to implemen
                       t an PendSV Thread-switcher
   10 00000000         ; on the other hand, in osKernel.c file, SysTick_Handler
                        will be implemented that would simple trigger PendSV up
                       on getting triggered
   11 00000000         PendSV_Handler                       ;save r0,r1,r2,r3,r
                                                            12,lr,pc,psr  
   12 00000000 B672            CPSID            I
   13 00000002 E92D 0FF0       PUSH             {R4-R11}
   14 00000006 480F            LDR              R0,=currentPt
   15 00000008 6801            LDR              R1,[R0]
   16 0000000A         
   17 0000000A F8C1 D000       STR              SP,[R1]
   18 0000000E         ; lines responsible for thread-switching
   19 0000000E         ;LDR    R1,[R1,#4]
   20 0000000E         ;STR    R1,[R0]
   21 0000000E         
   22 0000000E B501            PUSH             {R0,LR}
   23 00000010 F7FF FFFE       BL               osSchedularRoundRobin
   24 00000014 E8BD 4001       POP              {R0,LR}
   25 00000018 6801            LDR              R1,[R0]     ; R1 = currentPt i-
                                                            e: New Thread
   26 0000001A F8D1 D000       LDR              SP,[R1]
   27 0000001E         
   28 0000001E E8BD 0FF0       POP              {R4-R11}
   29 00000022 B662            CPSIE            I
   30 00000024 4770            BX               LR
   31 00000026         
   32 00000026         
   33 00000026         osSchedularLaunch
   34 00000026 4807            LDR              R0,=currentPt
   35 00000028 6802            LDR              R2,[R0]
   36 0000002A         
   37 0000002A F8D2 D000       LDR              SP,[R2]
   38 0000002E         
   39 0000002E E8BD 0FF0       POP              {R4-R11}
   40 00000032 BC0F            POP              {R0-R3}
   41 00000034 F85D CB04       POP              {R12}
   42 00000038 B001            ADD              SP,SP,#4
   43 0000003A F85D EB04       POP              {LR}
   44 0000003E B001            ADD              SP,SP,#4
   45 00000040 B662            CPSIE            I
   46 00000042 4770            BX               LR
   47 00000044                 ALIGN
   48 00000044                 END
              00000000 
Command Line: --debug --xref --diag_suppress=9931 --cpu=Cortex-M4.fp --apcs=int
erwork --depend=.\objects\oskernel_1.d -o.\objects\oskernel_1.o -I.\RTE\_TM4C12
3GH6PM -I"C:\Users\Hassan Shafiq\AppData\Local\Arm\Packs\ARM\CMSIS\5.7.0\CMSIS\
Core\Include" -I"C:\Users\Hassan Shafiq\AppData\Local\Arm\Packs\Keil\TM4C_DFP\1
.1.0\Device\Include\TM4C123" --predefine="__EVAL SETA 1" --predefine="__UVISION



ARM Macro Assembler    Page 2 


_VERSION SETA 528" --predefine="_RTE_ SETA 1" --predefine="TM4C123GH6PM SETA 1"
 --list=.\listings\oskernel.lst osKernel.s



ARM Macro Assembler    Page 1 Alphabetic symbol ordering
Relocatable symbols

.text 00000000

Symbol: .text
   Definitions
      At line 1 in file osKernel.s
   Uses
      None
Comment: .text unused
PendSV_Handler 00000000

Symbol: PendSV_Handler
   Definitions
      At line 11 in file osKernel.s
   Uses
      At line 5 in file osKernel.s
Comment: PendSV_Handler used once
osSchedularLaunch 00000026

Symbol: osSchedularLaunch
   Definitions
      At line 33 in file osKernel.s
   Uses
      At line 6 in file osKernel.s
Comment: osSchedularLaunch used once
3 symbols



ARM Macro Assembler    Page 1 Alphabetic symbol ordering
External symbols

currentPt 00000000

Symbol: currentPt
   Definitions
      At line 4 in file osKernel.s
   Uses
      At line 14 in file osKernel.s
      At line 34 in file osKernel.s

osSchedularRoundRobin 00000000

Symbol: osSchedularRoundRobin
   Definitions
      At line 7 in file osKernel.s
   Uses
      At line 23 in file osKernel.s
Comment: osSchedularRoundRobin used once
2 symbols
342 symbols in table
